Building DAG of jobs...
Using shell: /usr/bin/bash
Provided cores: 4
Rules claiming more threads will be scaled down.
Job stats:
job               count    min threads    max threads
--------------  -------  -------------  -------------
all                   1              1              1
defence_finder        1              1              1
total                 2              1              1

Select jobs to execute...

[Tue Jan 24 15:17:25 2023]
rule defence_finder:
    input: ../Pharokka_results/NC_001270/phanotate.faa
    output: ../DefFinder_results/NC_001270/defense_finder_systems.tsv
    log: ../DefFinder_results/NC_001270/defense_finder_systems.log
    jobid: 1
    reason: Missing output files: ../DefFinder_results/NC_001270/defense_finder_systems.tsv
    wildcards: sample=NC_001270
    resources: tmpdir=/tmp

defense-finder run -o ../DefFinder_results/NC_001270/ ../Pharokka_results/NC_001270/phanotate.faa > ../DefFinder_results/NC_001270/defense_finder_systems.log
[Tue Jan 24 15:18:11 2023]
Finished job 1.
1 of 2 steps (50%) done
Select jobs to execute...

[Tue Jan 24 15:18:11 2023]
localrule all:
    input: ../DefFinder_results/NC_001270/defense_finder_systems.tsv, ../DefFinder_results/NC_001271/defense_finder_systems.tsv, ../DefFinder_results/NC_001317/defense_finder_systems.tsv
    jobid: 0
    reason: Input files updated by another job: ../DefFinder_results/NC_001270/defense_finder_systems.tsv
    resources: tmpdir=/tmp

[Tue Jan 24 15:18:11 2023]
Finished job 0.
2 of 2 steps (100%) done
Complete log: .snakemake/log/2023-01-24T151725.188590.snakemake.log
